命令稿啟動於 2018年04月09日 (週一) 19時38分37秒
]0;a2468834@a2468834-Ubuntu: ~/Intro_AI/PR1[01;32ma2468834@a2468834-Ubuntu[00m:[01;34m~/Intro_AI/PR1[00m$ bash build.sh 
BFS    -1 -4    2 7 6 3 5 2 1 6 6 9 3 1 4 8 2

--------------------
Through:(y, -5), To:(-1, -4)
Through:(x, -3), To:(-1, 1)
Through:(y, -6), To:(2, 1)
Through:(y, 7), To:(2, 7)
Through:(x, 2), To:(2, 0)
Through:(s, 0), To:(0, 0)
====================

IDS    -1 -4    2 7 6 3 5 2 1 6 6 9 3 1 4 8 2

--------------------
Through:(x, 5), To:(-1, -4)
Through:(y, 3), To:(-6, -4)
Through:(x, -6), To:(-6, -7)
Through:(y, -7), To:(0, -7)
Through:(s, 0), To:(0, 0)
Through:(s, 0), To:(0, 0)
====================

A*    -1 -4    2 7 6 3 5 2 1 6 6 9 3 1 4 8 2

--------------------
Through:(x, -5), To:(-1, -4), Evaluation:0 + 23
Through:(y, 3), To:(4, -4), Evaluation:0 + 18
Through:(x, 6), To:(4, -7), Evaluation:0 + 15
Through:(y, -7), To:(-2, -7), Evaluation:0 + 9
Through:(x, -2), To:(-2, 0), Evaluation:0 + 2
Through:(s, 0), To:(0, 0), Evaluation:0 + 0

BFS    30 10    5 3 9 7 4 2 1 3 5 6 2 8 1 3 7 7 4 4 2 9 8 6 1 7 2 5 5 4

--------------------
Through:(y, 6), To:(30, 10)
Through:(s, 0), To:(30, 4)
Through:(y, 3), To:(30, 4)
Through:(y, 1), To:(30, 1)
Through:(x, 2), To:(30, 0)
Through:(x, 4), To:(28, 0)
Through:(x, 7), To:(24, 0)
Through:(x, 9), To:(17, 0)
Through:(x, 3), To:(8, 0)
Through:(x, 5), To:(5, 0)
Through:(s, 0), To:(0, 0)
====================

IDS    30 10    5 3 9 7 4 2 1 3 5 6 2 8 1 3 7 7 4 4 2 9 8 6 1 7 2 5 5 4

--------------------
Through:(x, 6), To:(30, 10)
Through:(x, 5), To:(24, 10)
Through:(x, 3), To:(19, 10)
Through:(x, 1), To:(16, 10)
Through:(x, 2), To:(15, 10)
Through:(x, 4), To:(13, 10)
Through:(y, 7), To:(9, 10)
Through:(x, 9), To:(9, 3)
Through:(y, 3), To:(0, 3)
Through:(s, 0), To:(0, 0)
Through:(s, 0), To:(0, 0)
====================

A*    30 10    5 3 9 7 4 2 1 3 5 6 2 8 1 3 7 7 4 4 2 9 8 6 1 7 2 5 5 4
--------------------
Through:(y, 6), To:(30, 10), Evaluation:0 + 45
Through:(s, 0), To:(30, 4), Evaluation:0 + 39
Through:(x, 3), To:(30, 4), Evaluation:0 + 34
Through:(y, 1), To:(27, 4), Evaluation:0 + 31
Through:(x, 2), To:(27, 3), Evaluation:0 + 30
Through:(x, 4), To:(25, 3), Evaluation:0 + 28
Through:(x, 7), To:(21, 3), Evaluation:1 + 24
Through:(x, 9), To:(14, 3), Evaluation:1 + 17
Through:(y, 3), To:(5, 3), Evaluation:2 + 8
Through:(x, 5), To:(5, 0), Evaluation:3 + 5
Through:(s, 0), To:(0, 0), Evaluation:4 + 0

]0;a2468834@a2468834-Ubuntu: ~/Intro_AI/PR1[01;32ma2468834@a2468834-Ubuntu[00m:[01;34m~/Intro_AI/PR1[00m$ exit
exit

命令稿已於 2018年04月09日 (週一) 19時39分22秒
 完成